
> cost-smart@0.1.0 dev /app
> next dev

   ▲ Next.js 16.0.10 (Turbopack)
   - Local:         http://localhost:3000
   - Network:       http://192.168.0.2:3000

 ✓ Starting...
Attention: Next.js now collects completely anonymous telemetry regarding usage.
This information is used to shape Next.js' roadmap and prioritize features.
You can learn more, including how to opt-out if you'd not like to participate in this anonymous program, by visiting the following URL:
https://nextjs.org/telemetry

 ✓ Ready in 1346ms
 ○ Compiling /loan-calculator ...
 GET /loan-calculator 200 in 8.0s (compile: 6.7s, render: 1345ms)
 ⨯ RangeError: Invalid currency code : â¹
    at new NumberFormat (<anonymous>)
    at formatCurrency (lib/formatters.ts:2:12)
    at LoanCalculator (components/calculators/loan/LoanCalculator.tsx:165:102)
  1 | export const formatCurrency = (value: number, currency: string = 'USD', locale: string = 'en-US'): string => {
> 2 |     return new Intl.NumberFormat(locale, {
    |            ^
  3 |         style: 'currency',
  4 |         currency: currency,
  5 |         maximumFractionDigits: 0, {
  digest: '2420031765'
}
 GET /in/emi-calculator 500 in 1793ms (compile: 1534ms, render: 259ms)
 ✓ Compiled in 73ms
 GET /loan-calculator 200 in 414ms (compile: 99ms, render: 315ms)
 GET /in/emi-calculator 200 in 331ms (compile: 105ms, render: 226ms)
 GET /investment-calculator 200 in 1450ms (compile: 1237ms, render: 213ms)
 GET /in/sip-calculator 200 in 1138ms (compile: 993ms, render: 146ms)
 GET /in/ppf-calculator 200 in 1163ms (compile: 938ms, render: 225ms)
 ○ Compiling / ...
 GET / 200 in 14.8s (compile: 12.3s, render: 2.6s)
 GET / 200 in 341ms (compile: 12ms, render: 329ms)
 GET / 200 in 224ms (compile: 8ms, render: 216ms)
 GET / 200 in 194ms (compile: 5ms, render: 188ms)
 GET /loan-calculator 200 in 714ms (compile: 9ms, render: 705ms)
 GET /in/emi-calculator 200 in 576ms (compile: 10ms, render: 566ms)
 GET /in/ppf-calculator 200 in 560ms (compile: 5ms, render: 555ms)
 GET /in/sip-calculator 200 in 478ms (compile: 6ms, render: 472ms)
 GET / 200 in 186ms (compile: 4ms, render: 182ms)
 GET /grid.svg 404 in 1883ms (compile: 1533ms, render: 350ms)
 GET /import-duty 200 in 790ms (compile: 336ms, render: 454ms)
 GET /import-duty 200 in 3.2s (compile: 2.7s, render: 419ms)
 GET / 200 in 325ms (compile: 4ms, render: 321ms)
 GET /grid.svg 404 in 98ms (compile: 12ms, render: 87ms)
 GET / 200 in 366ms (compile: 3ms, render: 363ms)
 GET /grid.svg 404 in 144ms (compile: 17ms, render: 128ms)
 GET /solar-roi 200 in 1319ms (compile: 785ms, render: 534ms)
 GET /solar-roi 200 in 659ms (compile: 164ms, render: 494ms)
 GET /import-duty 200 in 323ms (compile: 3ms, render: 319ms)
 GET /import-duty 200 in 267ms (compile: 4ms, render: 262ms)
 GET /about 200 in 881ms (compile: 495ms, render: 386ms)
 GET /about 200 in 857ms (compile: 540ms, render: 317ms)
 GET /privacy 200 in 635ms (compile: 277ms, render: 357ms)
 GET /privacy 200 in 799ms (compile: 472ms, render: 327ms)
 GET /terms 200 in 628ms (compile: 397ms, render: 231ms)
 GET /terms 200 in 679ms (compile: 493ms, render: 186ms)
 GET /solar-roi 200 in 805ms (compile: 14ms, render: 791ms)
 ○ Compiling /solar-roi/[city] ...
 GET /sw.js?v=3.1.644&o=0802c1302f764c25e90a94d2ee10de26&pub=0&p=10433502&tg=0 404 in 75ms (compile: 15ms, render: 60ms)
The width(-1) and height(-1) of chart should be greater than 0,
       please check the style of container, or the props width(100%) and height(100%),
       or add a minWidth(0) or minHeight(undefined) or use aspect(undefined) to control the
       height and width.
 GET /solar-roi/Denver 200 in 3.3s (compile: 2.8s, render: 489ms)
 GET /solar-roi/Denver 200 in 8.0s (compile: 7.4s, render: 607ms)
 GET / 200 in 665ms (compile: 184ms, render: 481ms)
 GET / 200 in 178ms (compile: 3ms, render: 175ms)
 GET /loan-calculator 200 in 273ms (compile: 53ms, render: 220ms)
 GET /in/emi-calculator 200 in 451ms (compile: 60ms, render: 391ms)
 GET /in/fd-calculator 200 in 1107ms (compile: 963ms, render: 144ms)
 GET /emergency-fund-calculator 200 in 903ms (compile: 549ms, render: 354ms)
 GET /sw.js?v=3.1.644&o=0802c131f7284ef8ff6661feff12dd62&pub=0&p=10433502&tg=0 404 in 116ms (compile: 25ms, render: 91ms)
 GET /sw.js?v=3.1.644&o=0802c1c629f6440def89e072db03adb0&pub=0&p=10433502&tg=0 404 in 65ms (compile: 5ms, render: 60ms)
 GET /in/ppf-calculator 200 in 357ms (compile: 47ms, render: 310ms)
 GET /in/sip-calculator 200 in 221ms (compile: 49ms, render: 172ms)
 GET / 200 in 204ms (compile: 3ms, render: 201ms)
 GET /grid.svg 404 in 88ms (compile: 8ms, render: 80ms)
 GET /import-duty 200 in 314ms (compile: 44ms, render: 270ms)
 GET /import-duty 200 in 122ms (compile: 5ms, render: 117ms)
 GET / 200 in 153ms (compile: 3ms, render: 150ms)
 GET /grid.svg 404 in 113ms (compile: 8ms, render: 105ms)
 GET / 200 in 355ms (compile: 3ms, render: 352ms)
 GET /grid.svg 404 in 83ms (compile: 6ms, render: 77ms)
 GET /solar-roi 200 in 242ms (compile: 44ms, render: 198ms)
 GET /solar-roi 200 in 155ms (compile: 3ms, render: 151ms)
 GET /import-duty 200 in 83ms (compile: 3ms, render: 79ms)
 GET /import-duty 200 in 87ms (compile: 3ms, render: 84ms)
 GET /about 200 in 161ms (compile: 32ms, render: 129ms)
 GET /about 200 in 141ms (compile: 3ms, render: 138ms)
 GET /privacy 200 in 144ms (compile: 31ms, render: 112ms)
 GET /privacy 200 in 121ms (compile: 3ms, render: 118ms)
 GET /terms 200 in 131ms (compile: 33ms, render: 99ms)
 GET /terms 200 in 105ms (compile: 3ms, render: 102ms)
The width(-1) and height(-1) of chart should be greater than 0,
       please check the style of container, or the props width(100%) and height(100%),
       or add a minWidth(0) or minHeight(undefined) or use aspect(undefined) to control the
       height and width.
 GET /solar-roi/Denver 200 in 425ms (compile: 78ms, render: 346ms)
 GET /solar-roi 200 in 158ms (compile: 3ms, render: 156ms)
 GET /solar-roi/Denver 200 in 110ms (compile: 44ms, render: 66ms)
 GET / 200 in 171ms (compile: 29ms, render: 142ms)
 GET / 200 in 121ms (compile: 3ms, render: 118ms)
 GET /loan-calculator 200 in 162ms (compile: 4ms, render: 158ms)
 GET /in/emi-calculator 200 in 316ms (compile: 6ms, render: 309ms)
 GET /in/fd-calculator 200 in 118ms (compile: 4ms, render: 114ms)
 GET /emergency-fund-calculator 200 in 804ms (compile: 180ms, render: 623ms)
 GET /in/ppf-calculator 200 in 401ms (compile: 4ms, render: 397ms)
 GET /in/sip-calculator 200 in 625ms (compile: 4ms, render: 621ms)
 GET / 200 in 832ms (compile: 5ms, render: 827ms)
 GET /grid.svg 404 in 199ms (compile: 21ms, render: 178ms)
 GET /import-duty 200 in 218ms (compile: 5ms, render: 213ms)
 GET /import-duty 200 in 311ms (compile: 6ms, render: 305ms)
 GET / 200 in 350ms (compile: 5ms, render: 345ms)
 GET /grid.svg 404 in 167ms (compile: 17ms, render: 150ms)
 GET / 200 in 511ms (compile: 5ms, render: 506ms)
 GET /grid.svg 404 in 399ms (compile: 24ms, render: 375ms)
 GET /solar-roi 200 in 527ms (compile: 10ms, render: 517ms)
 GET /solar-roi 200 in 338ms (compile: 6ms, render: 332ms)
 GET /import-duty 200 in 115ms (compile: 5ms, render: 110ms)
 GET /import-duty 200 in 93ms (compile: 3ms, render: 91ms)
 GET /about 200 in 167ms (compile: 3ms, render: 165ms)
 GET /about 200 in 179ms (compile: 3ms, render: 176ms)
 GET /privacy 200 in 196ms (compile: 6ms, render: 189ms)
 GET /privacy 200 in 295ms (compile: 6ms, render: 289ms)
 GET /terms 200 in 295ms (compile: 3ms, render: 292ms)
 GET /terms 200 in 290ms (compile: 3ms, render: 287ms)
The width(-1) and height(-1) of chart should be greater than 0,
       please check the style of container, or the props width(100%) and height(100%),
       or add a minWidth(0) or minHeight(undefined) or use aspect(undefined) to control the
       height and width.
 GET /solar-roi/Denver 200 in 527ms (compile: 42ms, render: 485ms)
 GET /solar-roi 200 in 403ms (compile: 5ms, render: 398ms)
 GET /solar-roi/Denver 200 in 99ms (compile: 45ms, render: 54ms)
 GET /in/fd-calculator 200 in 145ms (compile: 5ms, render: 139ms)
 GET /retirement-calculator 200 in 888ms (compile: 727ms, render: 161ms)
 GET /emergency-fund-calculator 200 in 127ms (compile: 3ms, render: 124ms)
 GET / 200 in 2.5s (compile: 336ms, render: 2.2s)
 GET / 200 in 255ms (compile: 9ms, render: 247ms)
 GET /emergency-fund-calculator 200 in 4.6s (compile: 41ms, render: 4.6s)
 GET /in/fd-calculator 200 in 4.9s (compile: 168ms, render: 4.7s)
 GET /sw.js?v=3.1.644&o=0802c16c28f9468df1b55af92eb86ba6&pub=0&p=10433502&tg=0 404 in 170ms (compile: 34ms, render: 136ms)
 GET / 200 in 678ms (compile: 219ms, render: 459ms)
 GET / 200 in 268ms (compile: 14ms, render: 254ms)
 GET /emergency-fund-calculator 200 in 837ms (compile: 14ms, render: 823ms)
 GET /in/fd-calculator 200 in 909ms (compile: 76ms, render: 833ms)
 GET /sw.js?v=3.1.644&o=0802c14a968e458aef7e282150309868&pub=0&p=10433502&tg=0 404 in 73ms (compile: 9ms, render: 64ms)
 GET / 200 in 202ms (compile: 72ms, render: 130ms)
 GET / 200 in 122ms (compile: 5ms, render: 117ms)
 GET /in/fd-calculator 200 in 415ms (compile: 5ms, render: 410ms)
 GET /emergency-fund-calculator 200 in 338ms (compile: 4ms, render: 334ms)
 GET / 200 in 801ms (compile: 333ms, render: 467ms)
 GET / 200 in 129ms (compile: 3ms, render: 126ms)
 GET /loan-calculator 200 in 363ms (compile: 141ms, render: 221ms)
 GET /in/emi-calculator 200 in 321ms (compile: 84ms, render: 236ms)
 GET /in/fd-calculator 200 in 531ms (compile: 81ms, render: 450ms)
 GET /emergency-fund-calculator 200 in 272ms (compile: 79ms, render: 193ms)
 ○ Compiling /in/income-tax-calculator ...
 GET /in/income-tax-calculator 200 in 6.9s (compile: 6.4s, render: 490ms)
 GET /in/salary-calculator 200 in 5.9s (compile: 5.5s, render: 348ms)
 GET /in/ppf-calculator 200 in 270ms (compile: 85ms, render: 185ms)
 GET /in/sip-calculator 200 in 476ms (compile: 112ms, render: 364ms)
 GET / 200 in 334ms (compile: 3ms, render: 330ms)
 GET /grid.svg 404 in 339ms (compile: 115ms, render: 224ms)
 GET /import-duty 200 in 645ms (compile: 110ms, render: 534ms)
 GET /import-duty 200 in 117ms (compile: 3ms, render: 114ms)
 GET / 200 in 170ms (compile: 4ms, render: 166ms)
 GET /grid.svg 404 in 259ms (compile: 24ms, render: 235ms)
 GET / 200 in 657ms (compile: 6ms, render: 651ms)
 GET /grid.svg 404 in 110ms (compile: 7ms, render: 103ms)
 GET /solar-roi 200 in 472ms (compile: 31ms, render: 441ms)
 GET /solar-roi 200 in 657ms (compile: 106ms, render: 551ms)
 GET /import-duty 200 in 292ms (compile: 4ms, render: 288ms)
 GET /import-duty 200 in 245ms (compile: 4ms, render: 241ms)
 GET /about 200 in 449ms (compile: 102ms, render: 347ms)
 GET /about 200 in 279ms (compile: 3ms, render: 276ms)
 GET /privacy 200 in 380ms (compile: 118ms, render: 262ms)
 GET /privacy 200 in 251ms (compile: 3ms, render: 248ms)
 GET /terms 200 in 182ms (compile: 66ms, render: 116ms)
 GET /terms 200 in 209ms (compile: 8ms, render: 200ms)
The width(-1) and height(-1) of chart should be greater than 0,
       please check the style of container, or the props width(100%) and height(100%),
       or add a minWidth(0) or minHeight(undefined) or use aspect(undefined) to control the
       height and width.
 GET /solar-roi/Denver 200 in 1488ms (compile: 294ms, render: 1194ms)
 GET /solar-roi 200 in 421ms (compile: 6ms, render: 416ms)
 GET /solar-roi/Denver 200 in 128ms (compile: 40ms, render: 88ms)
 GET /debt-payoff-calculator 200 in 2.7s (compile: 2.2s, render: 427ms)
 GET /in/income-tax-calculator 200 in 133ms (compile: 9ms, render: 124ms)
 GET /in/salary-calculator 200 in 167ms (compile: 5ms, render: 162ms)
 GET / 200 in 159ms (compile: 40ms, render: 119ms)
 GET / 200 in 125ms (compile: 3ms, render: 123ms)
 GET /in/income-tax-calculator 200 in 927ms (compile: 6ms, render: 920ms)
 GET /in/salary-calculator 200 in 801ms (compile: 7ms, render: 794ms)
 GET / 200 in 164ms (compile: 34ms, render: 130ms)
 GET / 200 in 115ms (compile: 3ms, render: 112ms)
 GET /in/salary-calculator 200 in 353ms (compile: 10ms, render: 343ms)
 GET /in/income-tax-calculator 200 in 365ms (compile: 67ms, render: 298ms)
 GET /debt-payoff-calculator 200 in 164ms (compile: 10ms, render: 154ms)
 GET /sw.js?v=3.1.644&o=0802c1d7fa924a26f481a1adea79c913&pub=0&p=10433502&tg=0 404 in 74ms (compile: 17ms, render: 57ms)
 GET / 200 in 141ms (compile: 32ms, render: 108ms)
 GET / 200 in 119ms (compile: 3ms, render: 116ms)
 GET /in/salary-calculator 200 in 519ms (compile: 10ms, render: 508ms)
 GET /in/income-tax-calculator 200 in 489ms (compile: 28ms, render: 461ms)
 GET /debt-payoff-calculator 200 in 641ms (compile: 258ms, render: 383ms)
 GET / 200 in 149ms (compile: 33ms, render: 116ms)
 GET / 200 in 119ms (compile: 3ms, render: 116ms)
 GET /in/income-tax-calculator 200 in 326ms (compile: 3ms, render: 323ms)
 GET /in/salary-calculator 200 in 265ms (compile: 3ms, render: 262ms)
 GET /debt-payoff-calculator 200 in 110ms (compile: 4ms, render: 105ms)
 GET / 200 in 143ms (compile: 32ms, render: 111ms)
 GET / 200 in 106ms (compile: 3ms, render: 104ms)
 GET /in/salary-calculator 200 in 414ms (compile: 3ms, render: 411ms)
 GET /in/income-tax-calculator 200 in 390ms (compile: 5ms, render: 385ms)
 GET /debt-payoff-calculator 200 in 179ms (compile: 5ms, render: 174ms)
 GET /sw.js?v=3.1.644&o=0802c146df9f49e5e25aad9cce7819ab&pub=0&p=10433502&tg=0 404 in 65ms (compile: 5ms, render: 60ms)
 GET / 200 in 145ms (compile: 37ms, render: 108ms)
 GET / 200 in 104ms (compile: 2ms, render: 102ms)
 GET /in/income-tax-calculator 200 in 397ms (compile: 3ms, render: 394ms)
 GET /in/salary-calculator 200 in 349ms (compile: 4ms, render: 345ms)
 GET /debt-payoff-calculator 200 in 153ms (compile: 3ms, render: 150ms)
